<?xml version="1.0" encoding="UTF-8"?>
<testsuite xmlns:xsi="http://www.w3.org/2001/XMLSchema-instance" xsi:noNamespaceSchemaLocation="https://maven.apache.org/surefire/maven-surefire-plugin/xsd/surefire-test-report-3.0.xsd" version="3.0" name="ContactsManagerTestCase" time="0.026" tests="11" errors="0" skipped="0" failures="0">
  <properties>
    <property name="java.specification.version" value="17"/>
    <property name="sun.jnu.encoding" value="UTF-8"/>
    <property name="java.class.path" value="/Users/dmp593/Code/ipl/ficha4-codebase/target/test-classes:/Users/dmp593/Code/ipl/ficha4-codebase/target/classes:/Users/dmp593/.m2/repository/org/projectlombok/lombok/1.18.32/lombok-1.18.32.jar:/Users/dmp593/.m2/repository/org/junit/jupiter/junit-jupiter-api/5.10.2/junit-jupiter-api-5.10.2.jar:/Users/dmp593/.m2/repository/org/opentest4j/opentest4j/1.3.0/opentest4j-1.3.0.jar:/Users/dmp593/.m2/repository/org/junit/platform/junit-platform-commons/1.10.2/junit-platform-commons-1.10.2.jar:/Users/dmp593/.m2/repository/org/apiguardian/apiguardian-api/1.1.2/apiguardian-api-1.1.2.jar:"/>
    <property name="java.vm.vendor" value="Eclipse Adoptium"/>
    <property name="sun.arch.data.model" value="64"/>
    <property name="java.vendor.url" value="https://adoptium.net/"/>
    <property name="os.name" value="Mac OS X"/>
    <property name="java.vm.specification.version" value="17"/>
    <property name="sun.java.launcher" value="SUN_STANDARD"/>
    <property name="user.country" value="PT"/>
    <property name="sun.boot.library.path" value="/Library/Java/JavaVirtualMachines/temurin-17.jdk/Contents/Home/lib"/>
    <property name="sun.java.command" value="/Users/dmp593/Code/ipl/ficha4-codebase/target/surefire/surefirebooter-20240320212521764_3.jar /Users/dmp593/Code/ipl/ficha4-codebase/target/surefire 2024-03-20T21-25-21_725-jvmRun1 surefire-20240320212521764_1tmp surefire_0-20240320212521764_2tmp"/>
    <property name="http.nonProxyHosts" value="local|*.local|169.254/16|*.169.254/16"/>
    <property name="jdk.debug" value="release"/>
    <property name="surefire.test.class.path" value="/Users/dmp593/Code/ipl/ficha4-codebase/target/test-classes:/Users/dmp593/Code/ipl/ficha4-codebase/target/classes:/Users/dmp593/.m2/repository/org/projectlombok/lombok/1.18.32/lombok-1.18.32.jar:/Users/dmp593/.m2/repository/org/junit/jupiter/junit-jupiter-api/5.10.2/junit-jupiter-api-5.10.2.jar:/Users/dmp593/.m2/repository/org/opentest4j/opentest4j/1.3.0/opentest4j-1.3.0.jar:/Users/dmp593/.m2/repository/org/junit/platform/junit-platform-commons/1.10.2/junit-platform-commons-1.10.2.jar:/Users/dmp593/.m2/repository/org/apiguardian/apiguardian-api/1.1.2/apiguardian-api-1.1.2.jar:"/>
    <property name="sun.cpu.endian" value="little"/>
    <property name="user.home" value="/Users/dmp593"/>
    <property name="user.language" value="en"/>
    <property name="java.specification.vendor" value="Oracle Corporation"/>
    <property name="java.version.date" value="2024-01-16"/>
    <property name="java.home" value="/Library/Java/JavaVirtualMachines/temurin-17.jdk/Contents/Home"/>
    <property name="file.separator" value="/"/>
    <property name="basedir" value="/Users/dmp593/Code/ipl/ficha4-codebase"/>
    <property name="java.vm.compressedOopsMode" value="Zero based"/>
    <property name="line.separator" value="&#10;"/>
    <property name="java.specification.name" value="Java Platform API Specification"/>
    <property name="java.vm.specification.vendor" value="Oracle Corporation"/>
    <property name="surefire.real.class.path" value="/Users/dmp593/Code/ipl/ficha4-codebase/target/surefire/surefirebooter-20240320212521764_3.jar"/>
    <property name="sun.management.compiler" value="HotSpot 64-Bit Tiered Compilers"/>
    <property name="ftp.nonProxyHosts" value="local|*.local|169.254/16|*.169.254/16"/>
    <property name="java.runtime.version" value="17.0.10+7"/>
    <property name="user.name" value="dmp593"/>
    <property name="path.separator" value=":"/>
    <property name="os.version" value="14.4"/>
    <property name="java.runtime.name" value="OpenJDK Runtime Environment"/>
    <property name="file.encoding" value="UTF-8"/>
    <property name="java.vm.name" value="OpenJDK 64-Bit Server VM"/>
    <property name="java.vendor.version" value="Temurin-17.0.10+7"/>
    <property name="localRepository" value="/Users/dmp593/.m2/repository"/>
    <property name="java.vendor.url.bug" value="https://github.com/adoptium/adoptium-support/issues"/>
    <property name="java.io.tmpdir" value="/var/folders/88/7rnjm0rn4zxfk4fjhn3v370h0000gn/T/"/>
    <property name="java.version" value="17.0.10"/>
    <property name="user.dir" value="/Users/dmp593/Code/ipl/ficha4-codebase"/>
    <property name="os.arch" value="aarch64"/>
    <property name="java.vm.specification.name" value="Java Virtual Machine Specification"/>
    <property name="native.encoding" value="UTF-8"/>
    <property name="java.library.path" value="/Users/dmp593/Library/Java/Extensions:/Library/Java/Extensions:/Network/Library/Java/Extensions:/System/Library/Java/Extensions:/usr/lib/java:."/>
    <property name="java.vm.info" value="mixed mode"/>
    <property name="java.vendor" value="Eclipse Adoptium"/>
    <property name="java.vm.version" value="17.0.10+7"/>
    <property name="sun.io.unicode.encoding" value="UnicodeBig"/>
    <property name="socksNonProxyHosts" value="local|*.local|169.254/16|*.169.254/16"/>
    <property name="java.class.version" value="61.0"/>
  </properties>
  <testcase name="testGetContactsWithEmptyLabels" classname="ContactsManagerTestCase" time="0.01"/>
  <testcase name="testGetContactsWithDifferentLabels" classname="ContactsManagerTestCase" time="0.002"/>
  <testcase name="testTryRemoveNonexistentContact" classname="ContactsManagerTestCase" time="0.001"/>
  <testcase name="testDontRemoveUnlessIsSameContact" classname="ContactsManagerTestCase" time="0.001"/>
  <testcase name="testGetContactsWithLabels" classname="ContactsManagerTestCase" time="0.0"/>
  <testcase name="testSearchContactsInSameLabels" classname="ContactsManagerTestCase" time="0.0"/>
  <testcase name="testRemoveContact" classname="ContactsManagerTestCase" time="0.001"/>
  <testcase name="testSearchContactsInDifferentLabels" classname="ContactsManagerTestCase" time="0.001"/>
  <testcase name="testSearchContacts" classname="ContactsManagerTestCase" time="0.0"/>
  <testcase name="testDontAllowDuplicatedContacts" classname="ContactsManagerTestCase" time="0.001"/>
  <testcase name="testAddContact" classname="ContactsManagerTestCase" time="0.0"/>
</testsuite>